\BOOKMARK [2][]{Outline0.1}{A\040Robot\040Design\040Exercise}{}% 1
\BOOKMARK [2][]{Outline0.2}{Working\040in\040a\040group}{}% 2
\BOOKMARK [2][]{Outline0.3}{Java\040for\040Robotics}{}% 3
\BOOKMARK [2][]{Outline0.4}{Classical\040problems\040for\040a\040mobile\040robotWhere\040we\040are\040headed!}{}% 4
\BOOKMARK [2][]{Outline0.5}{Modelling\040the\040world\040Working\040with\040Java\040representations\040of\040Motors.}{}% 5
\BOOKMARK [2][]{Outline0.6}{It\040is\040very\040important\040to\040write\040good\040code.Good\040code\040is\040readable\040and\040modifiable}{}% 6
\BOOKMARK [2][]{Outline0.7}{Getting\040More\040information}{}% 7
\BOOKMARK [2][]{Outline0.8}{Hints\040for\040Better\040Programming}{}% 8
\BOOKMARK [2][]{Outline0.9}{Motors,\040LCD\040screens\040etc.,\040are\040easy}{}% 9
\BOOKMARK [2][]{Outline0.10}{Motors,\040LCD\040screens\040etc.,\040are\040easy\040Sensors\040are\040a\040bit\040harder}{}% 10
\BOOKMARK [2][]{Outline0.11}{All\040Sensors\040provide\040Samples}{}% 11
\BOOKMARK [2][]{Outline0.12}{Sensors\040need\040to\040be\040Calibrated\040and\040Normalised}{}% 12
\BOOKMARK [2][]{Outline0.13}{Looping\040until\040a\040change\040occurs.\040Event\040driven\040programming\040\(at\040last\).}{}% 13
\BOOKMARK [2][]{Outline0.14}{Using\040a\040!SampleProvider!\040to\040filter\040sensor\040values}{}% 14
\BOOKMARK [2][]{Outline0.15}{Using\040a\040Thread\040to\040Watch\040a\040sensor}{}% 15
\BOOKMARK [2][]{Outline0.16}{Using\040a\040Pilot\040to\040drive\040a\040vehicle}{}% 16
\BOOKMARK [2][]{Outline0.17}{Navigation\040in\040leJOSWaypoints,\040Poses,\040Maps\040and\040Paths.}{}% 17
\BOOKMARK [2][]{Outline0.18}{Behaviours\040The\040Rodney\040Brooks\040subsumption\040architecture}{}% 18
\BOOKMARK [2][]{Outline0.19}{Project\040Extras\040and\040more\040advanced\040programming}{}% 19
\BOOKMARK [2][]{Outline0.20}{Extra\040Sensors,\040Extra\040Programs}{}% 20
